Using pre-set license
Built from '2021.1/staging' branch; Version is '2021.1.12f1 (afcadd793de6) revision 11520733'; Using compiler version '192528614'; Build Type 'Release'
OS: 'Windows 10 Home; OS build 19043.1526; Version 2009; 64bit' Language: 'en' Physical Memory: 65469 MB
BatchMode: 1, IsHumanControllingUs: 0, StartBugReporterOnCrash: 0, Is64bit: 1, IsPro: 0

 COMMAND LINE ARGUMENTS:
D:\Unity\2021.1.12f1\Editor\Unity.exe
-adb2
-batchMode
-noUpm
-name
AssetImportWorker0
-projectPath
C:/Users/dfmcd/Documents/GitHub/GameEngineScriptingHW/WeeklyAssn_3_Prep
-logFile
Logs/AssetImportWorker0.log
-srvPort
60209
Successfully changed project path to: C:/Users/dfmcd/Documents/GitHub/GameEngineScriptingHW/WeeklyAssn_3_Prep
C:/Users/dfmcd/Documents/GitHub/GameEngineScriptingHW/WeeklyAssn_3_Prep
Using Asset Import Pipeline V2.
Refreshing native plugins compatible for Editor in 25.32 ms, found 2 plugins.
Preloading 0 native plugins for Editor in 0.00 ms.
Initialize engine version: 2021.1.12f1 (afcadd793de6)
[Subsystems] Discovering subsystems at path D:/Unity/2021.1.12f1/Editor/Data/Resources/UnitySubsystems
[Subsystems] Discovering subsystems at path C:/Users/dfmcd/Documents/GitHub/GameEngineScriptingHW/WeeklyAssn_3_Prep/Assets
GfxDevice: creating device client; threaded=0; jobified=0
Direct3D:
    Version:  Direct3D 11.0 [level 11.1]
    Renderer: AMD Radeon RX 5700 XT (ID=0x731f)
    Vendor:   ATI
    VRAM:     8151 MB
    Driver:   30.0.14023.3004
Initialize mono
Mono path[0] = 'D:/Unity/2021.1.12f1/Editor/Data/Managed'
Mono path[1] = 'D:/Unity/2021.1.12f1/Editor/Data/MonoBleedingEdge/lib/mono/unityjit'
Mono config path = 'D:/Unity/2021.1.12f1/Editor/Data/MonoBleedingEdge/etc'
Using monoOptions --debugger-agent=transport=dt_socket,embedding=1,server=y,suspend=n,address=127.0.0.1:56296
Begin MonoManager ReloadAssembly
Registering precompiled unity dll's ...
Register platform support module: D:/Unity/2021.1.12f1/Editor/Data/PlaybackEngines/WindowsStandaloneSupport/UnityEditor.WindowsStandalone.Extensions.dll
Registered in 0.000873 seconds.
Native extension for WindowsStandalone target not found
Refreshing native plugins compatible for Editor in 23.39 ms, found 2 plugins.
Preloading 0 native plugins for Editor in 0.00 ms.
Mono: successfully reloaded assembly
- Completed reload, in  0.732 seconds
Domain Reload Profiling:
	ReloadAssembly (732ms)
		BeginReloadAssembly (39ms)
			ExecutionOrderSort (0ms)
			DisableScriptedObjects (0ms)
			BackupInstance (0ms)
			ReleaseScriptingObjects (0ms)
			CreateAndSetChildDomain (1ms)
		EndReloadAssembly (320ms)
			LoadAssemblies (38ms)
			RebuildTransferFunctionScriptingTraits (0ms)
			SetupTypeCache (137ms)
			ReleaseScriptCaches (0ms)
			RebuildScriptCaches (24ms)
			SetupLoadedEditorAssemblies (127ms)
				LogAssemblyErrors (0ms)
				InitializePlatformSupportModulesInManaged (5ms)
				SetLoadedEditorAssemblies (0ms)
				RefreshPlugins (23ms)
				BeforeProcessingInitializeOnLoad (1ms)
				ProcessInitializeOnLoadAttributes (74ms)
				ProcessInitializeOnLoadMethodAttributes (22ms)
				AfterProcessingInitializeOnLoad (0ms)
				EditorAssembliesLoaded (0ms)
			ExecutionOrderSort2 (0ms)
			AwakeInstancesAfterBackupRestoration (0ms)
Platform modules already initialized, skipping
Registering precompiled user dll's ...
Registered in 0.003448 seconds.
Begin MonoManager ReloadAssembly
Native extension for WindowsStandalone target not found
Refreshing native plugins compatible for Editor in 0.33 ms, found 2 plugins.
Preloading 0 native plugins for Editor in 0.00 ms.
Mono: successfully reloaded assembly
- Completed reload, in  0.797 seconds
Domain Reload Profiling:
	ReloadAssembly (798ms)
		BeginReloadAssembly (125ms)
			ExecutionOrderSort (0ms)
			DisableScriptedObjects (4ms)
			BackupInstance (0ms)
			ReleaseScriptingObjects (0ms)
			CreateAndSetChildDomain (18ms)
		EndReloadAssembly (623ms)
			LoadAssemblies (65ms)
			RebuildTransferFunctionScriptingTraits (0ms)
			SetupTypeCache (239ms)
			ReleaseScriptCaches (0ms)
			RebuildScriptCaches (33ms)
			SetupLoadedEditorAssemblies (208ms)
				LogAssemblyErrors (0ms)
				InitializePlatformSupportModulesInManaged (4ms)
				SetLoadedEditorAssemblies (0ms)
				RefreshPlugins (0ms)
				BeforeProcessingInitializeOnLoad (34ms)
				ProcessInitializeOnLoadAttributes (164ms)
				ProcessInitializeOnLoadMethodAttributes (4ms)
				AfterProcessingInitializeOnLoad (2ms)
				EditorAssembliesLoaded (0ms)
			ExecutionOrderSort2 (0ms)
			AwakeInstancesAfterBackupRestoration (5ms)
Platform modules already initialized, skipping
========================================================================
Worker process is ready to serve import requests
Launched and connected shader compiler UnityShaderCompiler.exe after 0.04 seconds
Refreshing native plugins compatible for Editor in 0.38 ms, found 2 plugins.
Preloading 0 native plugins for Editor in 0.00 ms.
Unloading 1407 Unused Serialized files (Serialized files now loaded: 0)
System memory in use before: 66.0 MB.
System memory in use after: 66.1 MB.

Unloading 18 unused Assets to reduce memory usage. Loaded Objects now: 1856.
Total: 1.788900 ms (FindLiveObjects: 0.137000 ms CreateObjectMapping: 0.031900 ms MarkObjects: 1.571000 ms  DeleteObjects: 0.047900 ms)

AssetImportParameters requested are different than current active one (requested -> active):
  custom:framework-win-MediaFoundation: 216162199b28c13a410421893ffa2e32 -> 
  custom:video-decoder-ogg-theora: a1e56fd34408186e4bbccfd4996cb3dc -> 
  custom:container-muxer-webm: aa71ff27fc2769a1b78a27578f13a17b -> 
  custom:container-demuxer-webm: 4f35f7cbe854078d1ac9338744f61a02 -> 
  custom:container-demuxer-ogg: 62fdf1f143b41e24485cea50d1cbac27 -> 
  custom:video-encoder-webm-vp8: eb34c28f22e8b96e1ab97ce403110664 -> 
  custom:video-decoder-webm-vp8: 9c59270c3fd7afecdb556c50c9e8de78 -> 
  custom:audio-decoder-ogg-vorbis: bf7c407c2cedff20999df2af8eb42d56 -> 
  custom:audio-encoder-webm-vorbis: bf7c407c2cedff20999df2af8eb42d56 -> 
========================================================================
Received Import Request.
  path: Assets/Scenes
  artifactKey: Guid(6edeba5bd185a8744b958d2890fd7cd8) Importer(815301076,1909f56bfc062723c751e8b465ee728b)
Start importing Assets/Scenes using Guid(6edeba5bd185a8744b958d2890fd7cd8) Importer(815301076,1909f56bfc062723c751e8b465ee728b)  -> (artifact id: '6d1bff5e13bca26ca4e88b208b5cecae') in 0.004969 seconds 
========================================================================
Received Import Request.
  Time since last request: 0.000241 seconds.
  path: Assets/Scenes/CubeWalls.unity
  artifactKey: Guid(0dc5457758ed6db45ad6fff6b0787f0f) Importer(815301076,1909f56bfc062723c751e8b465ee728b)
Start importing Assets/Scenes/CubeWalls.unity using Guid(0dc5457758ed6db45ad6fff6b0787f0f) Importer(815301076,1909f56bfc062723c751e8b465ee728b)  -> (artifact id: '243f66fa5b994cb6621fd31eba5221e0') in 0.008993 seconds 
========================================================================
Received Import Request.
  Time since last request: 1.816706 seconds.
  path: Assets/Scripts/GameAssembly.asmdef
  artifactKey: Guid(db360ddd80dcfec46afc9d5eace0bd9c) Importer(815301076,1909f56bfc062723c751e8b465ee728b)
Start importing Assets/Scripts/GameAssembly.asmdef using Guid(db360ddd80dcfec46afc9d5eace0bd9c) Importer(815301076,1909f56bfc062723c751e8b465ee728b)  -> (artifact id: '6d0552e24793256e465881c6f6ccc158') in 0.018246 seconds 
========================================================================
Received Import Request.
  Time since last request: 1.760175 seconds.
  path: Assets/Scripts/MoveSphere.cs
  artifactKey: Guid(86789d255c5e1c94ba026adf46863d7c) Importer(815301076,1909f56bfc062723c751e8b465ee728b)
Start importing Assets/Scripts/MoveSphere.cs using Guid(86789d255c5e1c94ba026adf46863d7c) Importer(815301076,1909f56bfc062723c751e8b465ee728b)  -> (artifact id: 'd1fe330744c121b724e93068a3784024') in 0.011836 seconds 
========================================================================
Received Import Request.
  Time since last request: 118.137839 seconds.
  path: Assets/Scripts/PaddleControl.cs
  artifactKey: Guid(08a7525c34deda247b604fceb321e30a) Importer(815301076,1909f56bfc062723c751e8b465ee728b)
Start importing Assets/Scripts/PaddleControl.cs using Guid(08a7525c34deda247b604fceb321e30a) Importer(815301076,1909f56bfc062723c751e8b465ee728b)  -> (artifact id: 'a196e9afd1ad50574083d578206a8986') in 0.002232 seconds 
AssetImportWorkerClient::OnTransportError - code=2 error=End of file
