Using pre-set license
Built from '2021.1/staging' branch; Version is '2021.1.12f1 (afcadd793de6) revision 11520733'; Using compiler version '192528614'; Build Type 'Release'
OS: 'Windows 10 Home; OS build 19043.1706; Version 2009; 64bit' Language: 'en' Physical Memory: 65469 MB
BatchMode: 1, IsHumanControllingUs: 0, StartBugReporterOnCrash: 0, Is64bit: 1, IsPro: 0

 COMMAND LINE ARGUMENTS:
D:\Unity\2021.1.12f1\Editor\Unity.exe
-adb2
-batchMode
-noUpm
-name
AssetImportWorker0
-projectPath
C:/Users/dfmcd/Documents/GitHub/GameEngineScriptingHW/iDTechMonday
-logFile
Logs/AssetImportWorker0.log
-srvPort
51731
Successfully changed project path to: C:/Users/dfmcd/Documents/GitHub/GameEngineScriptingHW/iDTechMonday
C:/Users/dfmcd/Documents/GitHub/GameEngineScriptingHW/iDTechMonday
Using Asset Import Pipeline V2.
Refreshing native plugins compatible for Editor in 68.86 ms, found 3 plugins.
Preloading 0 native plugins for Editor in 0.00 ms.
Initialize engine version: 2021.1.12f1 (afcadd793de6)
[Subsystems] Discovering subsystems at path D:/Unity/2021.1.12f1/Editor/Data/Resources/UnitySubsystems
[Subsystems] Discovering subsystems at path C:/Users/dfmcd/Documents/GitHub/GameEngineScriptingHW/iDTechMonday/Assets
GfxDevice: creating device client; threaded=0; jobified=0
Direct3D:
    Version:  Direct3D 11.0 [level 11.1]
    Renderer: AMD Radeon RX 5700 XT (ID=0x731f)
    Vendor:   ATI
    VRAM:     8151 MB
    Driver:   30.0.15021.11005
Initialize mono
Mono path[0] = 'D:/Unity/2021.1.12f1/Editor/Data/Managed'
Mono path[1] = 'D:/Unity/2021.1.12f1/Editor/Data/MonoBleedingEdge/lib/mono/unityjit'
Mono config path = 'D:/Unity/2021.1.12f1/Editor/Data/MonoBleedingEdge/etc'
Using monoOptions --debugger-agent=transport=dt_socket,embedding=1,server=y,suspend=n,address=127.0.0.1:56544
Begin MonoManager ReloadAssembly
Registering precompiled unity dll's ...
Register platform support module: D:/Unity/2021.1.12f1/Editor/Data/PlaybackEngines/WebGLSupport/UnityEditor.WebGL.Extensions.dll
Register platform support module: D:/Unity/2021.1.12f1/Editor/Data/PlaybackEngines/WindowsStandaloneSupport/UnityEditor.WindowsStandalone.Extensions.dll
Registered in 0.002149 seconds.
Native extension for WindowsStandalone target not found
Native extension for WebGL target not found
Refreshing native plugins compatible for Editor in 72.88 ms, found 3 plugins.
Preloading 0 native plugins for Editor in 0.00 ms.
Mono: successfully reloaded assembly
- Completed reload, in  0.897 seconds
Domain Reload Profiling:
	ReloadAssembly (898ms)
		BeginReloadAssembly (42ms)
			ExecutionOrderSort (0ms)
			DisableScriptedObjects (0ms)
			BackupInstance (0ms)
			ReleaseScriptingObjects (0ms)
			CreateAndSetChildDomain (1ms)
		EndReloadAssembly (401ms)
			LoadAssemblies (42ms)
			RebuildTransferFunctionScriptingTraits (0ms)
			SetupTypeCache (146ms)
			ReleaseScriptCaches (0ms)
			RebuildScriptCaches (26ms)
			SetupLoadedEditorAssemblies (193ms)
				LogAssemblyErrors (0ms)
				InitializePlatformSupportModulesInManaged (6ms)
				SetLoadedEditorAssemblies (0ms)
				RefreshPlugins (73ms)
				BeforeProcessingInitializeOnLoad (1ms)
				ProcessInitializeOnLoadAttributes (86ms)
				ProcessInitializeOnLoadMethodAttributes (26ms)
				AfterProcessingInitializeOnLoad (0ms)
				EditorAssembliesLoaded (0ms)
			ExecutionOrderSort2 (0ms)
			AwakeInstancesAfterBackupRestoration (0ms)
Platform modules already initialized, skipping
Registering precompiled user dll's ...
Registered in 0.005390 seconds.
Begin MonoManager ReloadAssembly
Symbol file LoadedFromMemory doesn't match image C:\Users\dfmcd\Documents\GitHub\GameEngineScriptingHW\iDTechMonday\Library\PackageCache\com.unity.visualscripting@1.6.1\Editor\VisualScripting.Core\Dependencies\YamlDotNet\Unity.VisualScripting.YamlDotNet.dll
Symbol file LoadedFromMemory doesn't match image C:\Users\dfmcd\Documents\GitHub\GameEngineScriptingHW\iDTechMonday\Library\PackageCache\com.unity.visualscripting@1.6.1\Editor\VisualScripting.Core\Dependencies\DotNetZip\Unity.VisualScripting.IonicZip.dll
Native extension for WindowsStandalone target not found
Native extension for WebGL target not found
Refreshing native plugins compatible for Editor in 0.64 ms, found 3 plugins.
Preloading 0 native plugins for Editor in 0.00 ms.
Mono: successfully reloaded assembly
- Completed reload, in  0.947 seconds
Domain Reload Profiling:
	ReloadAssembly (947ms)
		BeginReloadAssembly (128ms)
			ExecutionOrderSort (0ms)
			DisableScriptedObjects (5ms)
			BackupInstance (0ms)
			ReleaseScriptingObjects (0ms)
			CreateAndSetChildDomain (20ms)
		EndReloadAssembly (767ms)
			LoadAssemblies (73ms)
			RebuildTransferFunctionScriptingTraits (0ms)
			SetupTypeCache (294ms)
			ReleaseScriptCaches (1ms)
			RebuildScriptCaches (43ms)
			SetupLoadedEditorAssemblies (273ms)
				LogAssemblyErrors (0ms)
				InitializePlatformSupportModulesInManaged (4ms)
				SetLoadedEditorAssemblies (0ms)
				RefreshPlugins (1ms)
				BeforeProcessingInitializeOnLoad (56ms)
				ProcessInitializeOnLoadAttributes (205ms)
				ProcessInitializeOnLoadMethodAttributes (4ms)
				AfterProcessingInitializeOnLoad (3ms)
				EditorAssembliesLoaded (0ms)
			ExecutionOrderSort2 (0ms)
			AwakeInstancesAfterBackupRestoration (6ms)
Platform modules already initialized, skipping
========================================================================
Worker process is ready to serve import requests
Launched and connected shader compiler UnityShaderCompiler.exe after 0.05 seconds
Refreshing native plugins compatible for Editor in 0.85 ms, found 3 plugins.
Preloading 0 native plugins for Editor in 0.00 ms.
Unloading 2941 Unused Serialized files (Serialized files now loaded: 0)
System memory in use before: 105.6 MB.
System memory in use after: 105.8 MB.

Unloading 23 unused Assets to reduce memory usage. Loaded Objects now: 3385.
Total: 2.279800 ms (FindLiveObjects: 0.317000 ms CreateObjectMapping: 0.077800 ms MarkObjects: 1.813700 ms  DeleteObjects: 0.070000 ms)

AssetImportParameters requested are different than current active one (requested -> active):
  custom:framework-win-MediaFoundation: 216162199b28c13a410421893ffa2e32 -> 
  custom:video-decoder-ogg-theora: a1e56fd34408186e4bbccfd4996cb3dc -> 
  custom:container-muxer-webm: aa71ff27fc2769a1b78a27578f13a17b -> 
  custom:container-demuxer-webm: 4f35f7cbe854078d1ac9338744f61a02 -> 
  custom:container-demuxer-ogg: 62fdf1f143b41e24485cea50d1cbac27 -> 
  custom:video-encoder-webm-vp8: eb34c28f22e8b96e1ab97ce403110664 -> 
  custom:video-decoder-webm-vp8: 9c59270c3fd7afecdb556c50c9e8de78 -> 
  custom:audio-decoder-ogg-vorbis: bf7c407c2cedff20999df2af8eb42d56 -> 
  custom:audio-encoder-webm-vorbis: bf7c407c2cedff20999df2af8eb42d56 -> 
========================================================================
Received Import Request.
  path: Assets/Scenes
  artifactKey: Guid(351148d568ea3bf45ac11aa8f7d13c1c) Importer(815301076,1909f56bfc062723c751e8b465ee728b)
Start importing Assets/Scenes using Guid(351148d568ea3bf45ac11aa8f7d13c1c) Importer(815301076,1909f56bfc062723c751e8b465ee728b)  -> (artifact id: '97fd568d24d4d7f88c2e3dd7c5f093d2') in 0.008790 seconds 
========================================================================
Received Import Request.
  Time since last request: 12.552609 seconds.
  path: Assets/Scenes/SampleScene.unity
  artifactKey: Guid(9fc0d4010bbf28b4594072e72b8655ab) Importer(815301076,1909f56bfc062723c751e8b465ee728b)
Start importing Assets/Scenes/SampleScene.unity using Guid(9fc0d4010bbf28b4594072e72b8655ab) Importer(815301076,1909f56bfc062723c751e8b465ee728b)  -> (artifact id: '85059f4f9e1a832ed95adaa0d25c5c4c') in 0.012995 seconds 
========================================================================
Received Import Request.
  Time since last request: 1.348286 seconds.
  path: Assets/Scenes/Learning Unity.unity
  artifactKey: Guid(4602eed5fdbde244da023b26a64f202b) Importer(815301076,1909f56bfc062723c751e8b465ee728b)
Start importing Assets/Scenes/Learning Unity.unity using Guid(4602eed5fdbde244da023b26a64f202b) Importer(815301076,1909f56bfc062723c751e8b465ee728b)  -> (artifact id: '2977cd2115f1717248fc9b7c92e5369f') in 0.007660 seconds 
========================================================================
Received Import Request.
  Time since last request: 75.265560 seconds.
  path: Assets/Scenes/Learning Unity V2.unity
  artifactKey: Guid(3a9dd014f583ce141831317c28368d57) Importer(815301076,1909f56bfc062723c751e8b465ee728b)
Start importing Assets/Scenes/Learning Unity V2.unity using Guid(3a9dd014f583ce141831317c28368d57) Importer(815301076,1909f56bfc062723c751e8b465ee728b)  -> (artifact id: '79847f7a1d4aeb725edce2d43cc3cb84') in 0.007186 seconds 
========================================================================
Received Prepare
Registering precompiled user dll's ...
Registered in 0.004666 seconds.
Begin MonoManager ReloadAssembly
Symbol file LoadedFromMemory doesn't match image C:\Users\dfmcd\Documents\GitHub\GameEngineScriptingHW\iDTechMonday\Library\PackageCache\com.unity.visualscripting@1.6.1\Editor\VisualScripting.Core\Dependencies\YamlDotNet\Unity.VisualScripting.YamlDotNet.dll
Symbol file LoadedFromMemory doesn't match image C:\Users\dfmcd\Documents\GitHub\GameEngineScriptingHW\iDTechMonday\Library\PackageCache\com.unity.visualscripting@1.6.1\Editor\VisualScripting.Core\Dependencies\DotNetZip\Unity.VisualScripting.IonicZip.dll
Native extension for WindowsStandalone target not found
Native extension for WebGL target not found
Refreshing native plugins compatible for Editor in 0.72 ms, found 3 plugins.
Preloading 0 native plugins for Editor in 0.00 ms.
Mono: successfully reloaded assembly
- Completed reload, in  0.867 seconds
Domain Reload Profiling:
	ReloadAssembly (867ms)
		BeginReloadAssembly (106ms)
			ExecutionOrderSort (0ms)
			DisableScriptedObjects (4ms)
			BackupInstance (0ms)
			ReleaseScriptingObjects (0ms)
			CreateAndSetChildDomain (32ms)
		EndReloadAssembly (710ms)
			LoadAssemblies (68ms)
			RebuildTransferFunctionScriptingTraits (0ms)
			SetupTypeCache (280ms)
			ReleaseScriptCaches (1ms)
			RebuildScriptCaches (34ms)
			SetupLoadedEditorAssemblies (244ms)
				LogAssemblyErrors (0ms)
				InitializePlatformSupportModulesInManaged (5ms)
				SetLoadedEditorAssemblies (0ms)
				RefreshPlugins (1ms)
				BeforeProcessingInitializeOnLoad (42ms)
				ProcessInitializeOnLoadAttributes (191ms)
				ProcessInitializeOnLoadMethodAttributes (3ms)
				AfterProcessingInitializeOnLoad (2ms)
				EditorAssembliesLoaded (0ms)
			ExecutionOrderSort2 (0ms)
			AwakeInstancesAfterBackupRestoration (6ms)
Platform modules already initialized, skipping
Refreshing native plugins compatible for Editor in 0.64 ms, found 3 plugins.
Preloading 0 native plugins for Editor in 0.00 ms.
Unloading 2936 Unused Serialized files (Serialized files now loaded: 0)
System memory in use before: 105.6 MB.
System memory in use after: 105.8 MB.

Unloading 18 unused Assets to reduce memory usage. Loaded Objects now: 3388.
Total: 2.439500 ms (FindLiveObjects: 0.321400 ms CreateObjectMapping: 0.076000 ms MarkObjects: 1.980200 ms  DeleteObjects: 0.060100 ms)

AssetImportParameters requested are different than current active one (requested -> active):
  custom:framework-win-MediaFoundation: 216162199b28c13a410421893ffa2e32 -> 
  custom:video-decoder-ogg-theora: a1e56fd34408186e4bbccfd4996cb3dc -> 
  custom:container-muxer-webm: aa71ff27fc2769a1b78a27578f13a17b -> 
  custom:container-demuxer-webm: 4f35f7cbe854078d1ac9338744f61a02 -> 
  custom:container-demuxer-ogg: 62fdf1f143b41e24485cea50d1cbac27 -> 
  custom:video-encoder-webm-vp8: eb34c28f22e8b96e1ab97ce403110664 -> 
  custom:video-decoder-webm-vp8: 9c59270c3fd7afecdb556c50c9e8de78 -> 
  custom:audio-decoder-ogg-vorbis: bf7c407c2cedff20999df2af8eb42d56 -> 
  custom:audio-encoder-webm-vorbis: bf7c407c2cedff20999df2af8eb42d56 -> 
========================================================================
Received Import Request.
  Time since last request: 2642.933581 seconds.
  path: Assets
  artifactKey: Guid(00000000000000001000000000000000) Importer(815301076,1909f56bfc062723c751e8b465ee728b)
Start importing Assets using Guid(00000000000000001000000000000000) Importer(815301076,1909f56bfc062723c751e8b465ee728b)  -> (artifact id: '42d402b061de3733987d63b9cc3b64de') in 0.013761 seconds 
========================================================================
Received Import Request.
  Time since last request: 50.623148 seconds.
  path: Assets/Desk
  artifactKey: Guid(e1f11b82a0875f144a1cd9458a627fe9) Importer(815301076,1909f56bfc062723c751e8b465ee728b)
Start importing Assets/Desk using Guid(e1f11b82a0875f144a1cd9458a627fe9) Importer(815301076,1909f56bfc062723c751e8b465ee728b)  -> (artifact id: '9408b5947cf5998912a8f46d54773e02') in 0.007526 seconds 
========================================================================
Received Import Request.
  Time since last request: 0.066116 seconds.
  path: Assets/Desk/CD Holder.prefab
  artifactKey: Guid(82ba47dd19fffc34eb2b627cb9182186) Importer(815301076,1909f56bfc062723c751e8b465ee728b)
Start importing Assets/Desk/CD Holder.prefab using Guid(82ba47dd19fffc34eb2b627cb9182186) Importer(815301076,1909f56bfc062723c751e8b465ee728b)  -> (artifact id: 'b3900104b84505c0e782a93083e6aa11') in 0.097173 seconds 
========================================================================
Received Import Request.
  Time since last request: 0.000170 seconds.
  path: Assets/Desk/Table.prefab
  artifactKey: Guid(51af04f1c02bc1c41b73ff5aedb15a51) Importer(815301076,1909f56bfc062723c751e8b465ee728b)
Start importing Assets/Desk/Table.prefab using Guid(51af04f1c02bc1c41b73ff5aedb15a51) Importer(815301076,1909f56bfc062723c751e8b465ee728b)  -> (artifact id: '1de98da21618f36a4a99b084c5e06627') in 0.015042 seconds 
========================================================================
Received Import Request.
  Time since last request: 0.000140 seconds.
  path: Assets/Desk/Mouse.prefab
  artifactKey: Guid(f61057f3949415749968e1e0b0f02eae) Importer(815301076,1909f56bfc062723c751e8b465ee728b)
Start importing Assets/Desk/Mouse.prefab using Guid(f61057f3949415749968e1e0b0f02eae) Importer(815301076,1909f56bfc062723c751e8b465ee728b)  -> (artifact id: 'd629f4915fb4123361e729cd1b23922a') in 0.012481 seconds 
========================================================================
Received Import Request.
  Time since last request: 0.000136 seconds.
  path: Assets/Desk/Keyboard.prefab
  artifactKey: Guid(b868f519419f9294ebc64ac2babaae34) Importer(815301076,1909f56bfc062723c751e8b465ee728b)
Start importing Assets/Desk/Keyboard.prefab using Guid(b868f519419f9294ebc64ac2babaae34) Importer(815301076,1909f56bfc062723c751e8b465ee728b)  -> (artifact id: '90fd594789dc42ca422b9dc2378212e6') in 0.012975 seconds 
========================================================================
Received Import Request.
  Time since last request: 0.000124 seconds.
  path: Assets/Desk/Computer Monitor.prefab
  artifactKey: Guid(423fed54a7c08e3439c8905ab1ea46af) Importer(815301076,1909f56bfc062723c751e8b465ee728b)
Start importing Assets/Desk/Computer Monitor.prefab using Guid(423fed54a7c08e3439c8905ab1ea46af) Importer(815301076,1909f56bfc062723c751e8b465ee728b)  -> (artifact id: '660c044ee6f0edbf64e73b6eb8ec4bd8') in 0.011473 seconds 
========================================================================
Received Import Request.
  Time since last request: 0.000199 seconds.
  path: Assets/Desk/Tower.prefab
  artifactKey: Guid(a03f22f1716c5f44cbe742f1ed07559f) Importer(815301076,1909f56bfc062723c751e8b465ee728b)
Start importing Assets/Desk/Tower.prefab using Guid(a03f22f1716c5f44cbe742f1ed07559f) Importer(815301076,1909f56bfc062723c751e8b465ee728b)  -> (artifact id: '755d8bea0c267a20553cfd08f47ec296') in 0.009974 seconds 
========================================================================
Received Import Request.
  Time since last request: 0.000107 seconds.
  path: Assets/Desk/Phone.prefab
  artifactKey: Guid(cdd27f0335dc79349b0a8af2a64d6277) Importer(815301076,1909f56bfc062723c751e8b465ee728b)
Start importing Assets/Desk/Phone.prefab using Guid(cdd27f0335dc79349b0a8af2a64d6277) Importer(815301076,1909f56bfc062723c751e8b465ee728b)  -> (artifact id: 'c10544eb3c1e4f48730019af6ef508a2') in 0.014563 seconds 
========================================================================
Received Import Request.
  Time since last request: 1038.910885 seconds.
  path: Assets/Prefabs
  artifactKey: Guid(a68f8ae36f2913044a3c6b8e72d3f58f) Importer(815301076,1909f56bfc062723c751e8b465ee728b)
Start importing Assets/Prefabs using Guid(a68f8ae36f2913044a3c6b8e72d3f58f) Importer(815301076,1909f56bfc062723c751e8b465ee728b)  -> (artifact id: '0b3da6f5df69f15aa7eaec31f4369a44') in 0.005687 seconds 
========================================================================
Received Import Request.
  Time since last request: 6.693804 seconds.
  path: Assets/Prefabs/CarHolder.prefab
  artifactKey: Guid(9ecfada9d31e9994ca79afd6c9720b21) Importer(815301076,1909f56bfc062723c751e8b465ee728b)
Start importing Assets/Prefabs/CarHolder.prefab using Guid(9ecfada9d31e9994ca79afd6c9720b21) Importer(815301076,1909f56bfc062723c751e8b465ee728b)  -> (artifact id: '74052e7fd1735c500462d7bf828156ba') in 0.011353 seconds 
========================================================================
Received Import Request.
  Time since last request: 131.192210 seconds.
  path: Assets/Materials
  artifactKey: Guid(6fa2ea87db92ba14594a08714e8fa22b) Importer(815301076,1909f56bfc062723c751e8b465ee728b)
Start importing Assets/Materials using Guid(6fa2ea87db92ba14594a08714e8fa22b) Importer(815301076,1909f56bfc062723c751e8b465ee728b)  -> (artifact id: '6732d053563a59d12a8e9756620b260d') in 0.006432 seconds 
========================================================================
Received Import Request.
  Time since last request: 24.483146 seconds.
  path: Assets/Materials/Red.mat
  artifactKey: Guid(bb9e414503723314e9227b7109fd6713) Importer(815301076,1909f56bfc062723c751e8b465ee728b)
Start importing Assets/Materials/Red.mat using Guid(bb9e414503723314e9227b7109fd6713) Importer(815301076,1909f56bfc062723c751e8b465ee728b)  -> (artifact id: '3a680964e7baea39534079b64f172b96') in 0.027470 seconds 
========================================================================
Received Import Request.
  Time since last request: 81.860582 seconds.
  path: Assets/Materials/Black.mat
  artifactKey: Guid(fc80103b429a05d46838dcda2353d256) Importer(815301076,1909f56bfc062723c751e8b465ee728b)
Start importing Assets/Materials/Black.mat using Guid(fc80103b429a05d46838dcda2353d256) Importer(815301076,1909f56bfc062723c751e8b465ee728b)  -> (artifact id: '64536a9a31476c86c35cb7489101e115') in 0.009514 seconds 
========================================================================
Received Import Request.
  Time since last request: 213.894328 seconds.
  path: Assets/Prefabs/CarHolder.prefab
  artifactKey: Guid(9ecfada9d31e9994ca79afd6c9720b21) Importer(815301076,1909f56bfc062723c751e8b465ee728b)
Start importing Assets/Prefabs/CarHolder.prefab using Guid(9ecfada9d31e9994ca79afd6c9720b21) Importer(815301076,1909f56bfc062723c751e8b465ee728b)  -> (artifact id: '777e5242b74f5853946ca50ac5000a98') in 0.008462 seconds 
========================================================================
Received Import Request.
  Time since last request: 30.000383 seconds.
  path: Assets/Materials/New Flare.flare
  artifactKey: Guid(11c68a65a8e29344ca151b955645d26a) Importer(815301076,1909f56bfc062723c751e8b465ee728b)
Start importing Assets/Materials/New Flare.flare using Guid(11c68a65a8e29344ca151b955645d26a) Importer(815301076,1909f56bfc062723c751e8b465ee728b)  -> (artifact id: '62b9fce076ef28a9dac0752d53562083') in 0.008449 seconds 
========================================================================
Received Import Request.
  Time since last request: 9.373872 seconds.
  path: Assets/Materials/Green.mat
  artifactKey: Guid(151812a00f7ef9e4fb0922cf585e8ffc) Importer(815301076,1909f56bfc062723c751e8b465ee728b)
Start importing Assets/Materials/Green.mat using Guid(151812a00f7ef9e4fb0922cf585e8ffc) Importer(815301076,1909f56bfc062723c751e8b465ee728b)  -> (artifact id: '6db081993e986ce4b7879a2ed83febc5') in 0.011450 seconds 
========================================================================
Received Import Request.
  Time since last request: 30.108670 seconds.
  path: Assets/Prefabs/GreenCar.prefab
  artifactKey: Guid(bbdf1abca6dec56409113c2a874a3f38) Importer(815301076,1909f56bfc062723c751e8b465ee728b)
Start importing Assets/Prefabs/GreenCar.prefab using Guid(bbdf1abca6dec56409113c2a874a3f38) Importer(815301076,1909f56bfc062723c751e8b465ee728b)  -> (artifact id: 'cb6ddd67562a62eb1a4ed6ac28cf86b1') in 0.009968 seconds 
========================================================================
Received Import Request.
  Time since last request: 462.467317 seconds.
  path: Assets/Prefabs/Road.prefab
  artifactKey: Guid(de718d1ab7418b144b0806c490c30e32) Importer(815301076,1909f56bfc062723c751e8b465ee728b)
Start importing Assets/Prefabs/Road.prefab using Guid(de718d1ab7418b144b0806c490c30e32) Importer(815301076,1909f56bfc062723c751e8b465ee728b)  -> (artifact id: '5b54e6968699f11b3a3ec15f71bc97e5') in 0.012645 seconds 
========================================================================
Received Import Request.
  Time since last request: 172.358183 seconds.
  path: Assets/Materials/Brown.mat
  artifactKey: Guid(a653469ff3eb11e439880d87d81c5d85) Importer(815301076,1909f56bfc062723c751e8b465ee728b)
Start importing Assets/Materials/Brown.mat using Guid(a653469ff3eb11e439880d87d81c5d85) Importer(815301076,1909f56bfc062723c751e8b465ee728b)  -> (artifact id: '3567347a8ac0c1724d138d75b7411326') in 0.011101 seconds 
========================================================================
Received Import Request.
  Time since last request: 88.993514 seconds.
  path: Assets/Prefabs/Tree.prefab
  artifactKey: Guid(01e752a1d40f31b49800aeac2e8be300) Importer(815301076,1909f56bfc062723c751e8b465ee728b)
Start importing Assets/Prefabs/Tree.prefab using Guid(01e752a1d40f31b49800aeac2e8be300) Importer(815301076,1909f56bfc062723c751e8b465ee728b)  -> (artifact id: '34181772ec3e19f82a794bd1a587a2df') in 0.010391 seconds 
AssetImportWorkerClient::OnTransportError - code=2 error=End of file
